  main.cpp
C:\Program Files (x86)\Microsoft Visual Studio\2019\Community\VC\Tools\MSVC\14.24.28314\include\utility(92): error : expected an identifier
            !_Is_implicitly_default_constructible<_Uty1>::value || !_Is_implicitly_default_constructible<_Uty2>::value)
            ^
  
C:\Program Files (x86)\Microsoft Visual Studio\2019\Community\VC\Tools\MSVC\14.24.28314\include\utility(91): error : not a valid member class or function template declaration
        constexpr explicit(
        ^
  
C:\Program Files (x86)\Microsoft Visual Studio\2019\Community\VC\Tools\MSVC\14.24.28314\include\utility(91): error : "explicit" is not allowed
        constexpr explicit(
        ^
  
C:\Program Files (x86)\Microsoft Visual Studio\2019\Community\VC\Tools\MSVC\14.24.28314\include\utility(93): error : expected a ";"
            pair() noexcept(
            ^
  
C:\Program Files (x86)\Microsoft Visual Studio\2019\Community\VC\Tools\MSVC\14.24.28314\include\utility(175): error : expected an identifier
        constexpr explicit(!is_convertible<const _Other1&, _Ty1>::value // TRANSITION, VSO#946746
                           ^
  
C:\Program Files (x86)\Microsoft Visual Studio\2019\Community\VC\Tools\MSVC\14.24.28314\include\utility(175): error : not a valid member class or function template declaration
        constexpr explicit(!is_convertible<const _Other1&, _Ty1>::value // TRANSITION, VSO#946746
        ^
  
C:\Program Files (x86)\Microsoft Visual Studio\2019\Community\VC\Tools\MSVC\14.24.28314\include\utility(175): error : "explicit" is not allowed
        constexpr explicit(!is_convertible<const _Other1&, _Ty1>::value // TRANSITION, VSO#946746
        ^
  
C:\Program Files (x86)\Microsoft Visual Studio\2019\Community\VC\Tools\MSVC\14.24.28314\include\utility(177): error : expected a ";"
            pair(const pair<_Other1, _Other2>& _Right) noexcept(is_nothrow_constructible_v<_Ty1, const _Other1&>&&
            ^
  
D:\Documents\Codebase\Projects\TST_MKL_Eigen\TST\main.cpp(12): error : cannot open source file "Eigen/Dense"
    #include <Eigen/Dense>
                          ^
  
  compilation aborted for main.cpp (code 4)
